<?xml version="1.0" encoding="UTF-8"?>
<!-- Generated by org.testng.reporters.JUnitReportReporter -->
<testsuite hostname="DESKTOP-MUMOJ1G" failures="0" tests="1" name="testClass.VerifyUserLogin" time="27.340" errors="0" timestamp="2022-07-26T20:36:38 IST" skipped="0">
  <testcase classname="testClass.VerifyUserLogin" name="verifyUserLogin" time="27.340"/>
  <system-out/>
</testsuite> <!-- testClass.VerifyUserLogin -->
